c:\users\anthony\documents\nmse\nmsextender\stopwastingtime\x64\debug\stopdelays.obj
c:\users\anthony\documents\nmse\nmsextender\stopwastingtime\x64\debug\vc110.pdb
c:\users\anthony\documents\nmse\nmsextender\x64\debug\stopwastingtime.ilk
c:\users\anthony\documents\nmse\nmsextender\x64\debug\stopwastingtime.dll
c:\users\anthony\documents\nmse\nmsextender\x64\debug\stopwastingtime.pdb
c:\users\anthony\documents\nmse\nmsextender\x64\debug\stopwastingtime.lib
c:\users\anthony\documents\nmse\nmsextender\x64\debug\stopwastingtime.exp
c:\users\anthony\documents\nmse\nmsextender\stopwastingtime\x64\debug\stopwastingtime.vcxprojresolveassemblyreference.cache
c:\users\anthony\documents\nmse\nmsextender\stopwastingtime\x64\debug\cl.command.1.tlog
c:\users\anthony\documents\nmse\nmsextender\stopwastingtime\x64\debug\cl.read.1.tlog
c:\users\anthony\documents\nmse\nmsextender\stopwastingtime\x64\debug\cl.write.1.tlog
c:\users\anthony\documents\nmse\nmsextender\stopwastingtime\x64\debug\link-cvtres.read.1.tlog
c:\users\anthony\documents\nmse\nmsextender\stopwastingtime\x64\debug\link-cvtres.write.1.tlog
c:\users\anthony\documents\nmse\nmsextender\stopwastingtime\x64\debug\link-rc.read.1.tlog
c:\users\anthony\documents\nmse\nmsextender\stopwastingtime\x64\debug\link-rc.write.1.tlog
c:\users\anthony\documents\nmse\nmsextender\stopwastingtime\x64\debug\link.command.1.tlog
c:\users\anthony\documents\nmse\nmsextender\stopwastingtime\x64\debug\link.read.1.tlog
c:\users\anthony\documents\nmse\nmsextender\stopwastingtime\x64\debug\link.write.1.tlog
c:\users\anthony\documents\nmse\nmsextender\stopwastingtime\x64\debug\stopwastingtime.write.1.tlog
c:\users\anthony\documents\nmse\nmsextender\stopwastingtime\x64\debug\vc110.idb
c:\users\anthony\documents\nmse\nmsextender\stopwastingtime\x64\debug\vc120.idb
c:\users\anthony\documents\nmse\nmsextender\stopwastingtime\x64\debug\vc120.pdb
