c:\users\anthony\documents\nmse\nmsextender\nmse_core_1_0\x64\debug\core.obj
c:\users\anthony\documents\nmse\nmsextender\nmse_core_1_0\x64\debug\addonmanager.obj
c:\users\anthony\documents\nmse\nmsextender\nmse_core_1_0\x64\debug\vc110.pdb
c:\users\anthony\documents\nmse\nmsextender\x64\debug\nmse_core_1_0.ilk
c:\users\anthony\documents\nmse\nmsextender\x64\debug\nmse_core_1_0.dll
c:\users\anthony\documents\nmse\nmsextender\x64\debug\nmse_core_1_0.pdb
c:\users\anthony\documents\nmse\nmsextender\x64\debug\nmse_core_1_0.lib
c:\users\anthony\documents\nmse\nmsextender\x64\debug\nmse_core_1_0.exp
c:\users\anthony\documents\nmse\nmsextender\nmse_core_1_0\x64\debug\nmse_core_1_0.vcxprojresolveassemblyreference.cache
c:\users\anthony\documents\nmse\nmsextender\nmse_core_1_0\x64\debug\cl.command.1.tlog
c:\users\anthony\documents\nmse\nmsextender\nmse_core_1_0\x64\debug\cl.read.1.tlog
c:\users\anthony\documents\nmse\nmsextender\nmse_core_1_0\x64\debug\cl.write.1.tlog
c:\users\anthony\documents\nmse\nmsextender\nmse_core_1_0\x64\debug\link-cvtres.read.1.tlog
c:\users\anthony\documents\nmse\nmsextender\nmse_core_1_0\x64\debug\link-cvtres.write.1.tlog
c:\users\anthony\documents\nmse\nmsextender\nmse_core_1_0\x64\debug\link-rc.read.1.tlog
c:\users\anthony\documents\nmse\nmsextender\nmse_core_1_0\x64\debug\link-rc.write.1.tlog
c:\users\anthony\documents\nmse\nmsextender\nmse_core_1_0\x64\debug\link.command.1.tlog
c:\users\anthony\documents\nmse\nmsextender\nmse_core_1_0\x64\debug\link.read.1.tlog
c:\users\anthony\documents\nmse\nmsextender\nmse_core_1_0\x64\debug\link.write.1.tlog
c:\users\anthony\documents\nmse\nmsextender\nmse_core_1_0\x64\debug\nmse_core_1_0.write.1.tlog
c:\users\anthony\documents\nmse\nmsextender\nmse_core_1_0\x64\debug\vc120.pdb
